/home/ubuntu/.pyenv/versions/deploy_ec2/lib/python3.7/site-packages/pandas/compat/__init__.py:85: UserWarning: Could not import the lzma module. Your installed Python is incomplete. Attempting to use lzma compression will result in a RuntimeError.
  warnings.warn(msg)
/home/ubuntu/.pyenv/versions/deploy_ec2/lib/python3.7/site-packages/pandas/compat/__init__.py:85: UserWarning: Could not import the lzma module. Your installed Python is incomplete. Attempting to use lzma compression will result in a RuntimeError.
  warnings.warn(msg)
Watching for file changes with StatReloader
[07/Nov/2019 00:35:23] "GET / HTTP/1.1" 200 1400
[07/Nov/2019 00:35:24] "GET /static/dist/css/app.7658fd6f.css HTTP/1.1" 304 0
[07/Nov/2019 00:35:24] "GET /static/dist/js/app.22eeccba.js HTTP/1.1" 304 0
[07/Nov/2019 00:35:24] "GET /favicon.ico HTTP/1.1" 200 1400
[07/Nov/2019 00:35:30] "GET /favicon.ico HTTP/1.1" 200 1400
[07/Nov/2019 00:36:54] "GET /static/dist/js/app.22eeccba.js.map HTTP/1.1" 304 0
[07/Nov/2019 00:40:39] "POST /api/auth/loginmember/ HTTP/1.1" 200 297
[07/Nov/2019 00:40:40] "GET /favicon.ico HTTP/1.1" 200 1400
[07/Nov/2019 00:40:40] "GET /api/movies/?category=genre&keyword=Foreign&page=1 HTTP/1.1" 200 55460
[07/Nov/2019 00:40:41] "GET /api/movies/?category=genre&keyword=Music&page=1 HTTP/1.1" 200 60087
[07/Nov/2019 00:40:41] "GET /api/auth/recommendMovie/?id=283229 HTTP/1.1" 200 29421
[07/Nov/2019 00:40:41] "GET /api/auth/predictRating/?movieId=11&useremail=test@youflix.com HTTP/1.1" 200 60
[07/Nov/2019 00:40:41] "GET /api/movies/?category=genre&keyword=Crime&page=1 HTTP/1.1" 200 57465
[07/Nov/2019 00:40:55] "GET /api/auth/predictRating/?movieId=70&useremail=test@youflix.com HTTP/1.1" 200 60
[07/Nov/2019 00:40:55] "GET /favicon.ico HTTP/1.1" 200 1400
[07/Nov/2019 00:41:02] "GET /favicon.ico HTTP/1.1" 200 1400
[07/Nov/2019 00:41:03] "GET /movies/detail/favicon.ico HTTP/1.1" 200 1400
[07/Nov/2019 00:41:03] "GET /static/img/no_poster.jpg HTTP/1.1" 404 1793
[07/Nov/2019 00:41:03] "GET /api/movies/views/?id=98498 HTTP/1.1" 200 15
[07/Nov/2019 00:41:03] "GET /api/movies/?id=98498 HTTP/1.1" 200 1074
[07/Nov/2019 00:41:04] "GET /api/auth/predictRating/?movieId=98498&useremail=test@youflix.com HTTP/1.1" 200 60
[07/Nov/2019 00:41:04] "GET /api/movies/faculites/?movieId=98498 HTTP/1.1" 200 429
[07/Nov/2019 00:41:04] "GET /static/img/no_profile.png HTTP/1.1" 200 1850
[07/Nov/2019 00:41:13] "GET /favicon.ico HTTP/1.1" 200 1400
[07/Nov/2019 00:41:19] "GET /movie/favicon.ico HTTP/1.1" 200 1400
[07/Nov/2019 00:41:20] "GET /api/movies/?category=genre&keyword=TV+Movie&title= HTTP/1.1" 200 56970
[07/Nov/2019 00:41:20] "GET /static/img/commingsoon.jpg HTTP/1.1" 200 12447
[07/Nov/2019 00:41:20] "GET /api/movies/?category=genre&keyword=TV+Movie&title= HTTP/1.1" 200 56970
[07/Nov/2019 00:41:33] "GET /favicon.ico HTTP/1.1" 200 1400
[07/Nov/2019 00:41:36] "GET /movie/favicon.ico HTTP/1.1" 200 1400
[07/Nov/2019 00:41:36] "GET /api/movies/?category=genre&keyword=Foreign&title= HTTP/1.1" 200 55460
[07/Nov/2019 00:41:41] "GET /favicon.ico HTTP/1.1" 200 1400
[07/Nov/2019 00:41:47] "GET /api/auth/predictRating/?movieId=642&useremail=test@youflix.com HTTP/1.1" 200 60
[07/Nov/2019 00:41:47] "GET /api/auth/predictRating/?movieId=5894&useremail=test@youflix.com HTTP/1.1" 200 60
[07/Nov/2019 00:41:51] "GET /api/auth/predictRating/?movieId=11974&useremail=test@youflix.com HTTP/1.1" 200 60
[07/Nov/2019 00:44:58] "GET / HTTP/1.1" 200 1400
[07/Nov/2019 00:44:58] "GET /static/dist/css/app.7658fd6f.css HTTP/1.1" 200 637789
[07/Nov/2019 00:44:58] "GET /static/dist/js/app.22eeccba.js HTTP/1.1" 200 1046870
[07/Nov/2019 00:44:59] "GET /static/img/chernobyl.jpg HTTP/1.1" 200 200892
[07/Nov/2019 00:44:59] "GET /static/dist/fonts/MaterialIcons-Regular.570eb838.woff2 HTTP/1.1" 200 44300
[07/Nov/2019 00:45:00] "GET /favicon.ico HTTP/1.1" 200 1400
[07/Nov/2019 00:45:13] "GET /favicon.ico HTTP/1.1" 200 1400
[07/Nov/2019 00:45:23] "GET /login HTTP/1.1" 200 1400
[07/Nov/2019 00:45:23] "GET /favicon.ico HTTP/1.1" 200 1400
[07/Nov/2019 00:45:26] "GET / HTTP/1.1" 200 1400
[07/Nov/2019 00:45:26] "GET /favicon.ico HTTP/1.1" 200 1400
[07/Nov/2019 00:45:27] "GET /favicon.ico HTTP/1.1" 200 1400
[07/Nov/2019 00:45:55] "GET /api/auth/duplicateInspection/?email=crazygun22@nate.com HTTP/1.1" 200 15
[07/Nov/2019 00:46:03] "GET /api/auth/duplicateInspection/?email=crazygun22@nate.com HTTP/1.1" 200 15
[07/Nov/2019 00:46:03] "POST /api/auth/registermember/ HTTP/1.1" 200 15
[07/Nov/2019 00:46:06] "GET /login HTTP/1.1" 200 1400
[07/Nov/2019 00:46:06] "GET /favicon.ico HTTP/1.1" 200 1400
[07/Nov/2019 00:46:20] "POST /api/auth/loginmember/ HTTP/1.1" 200 294
[07/Nov/2019 00:46:20] "GET /static/dist/fonts/fontawesome-webfont.af7ae505.woff2 HTTP/1.1" 200 77160
[07/Nov/2019 00:46:22] "GET /static/img/harry-potter-wallpaper.jpg HTTP/1.1" 200 164272
[07/Nov/2019 00:46:22] "GET /static/img/lalaland_wallpaper.jpg HTTP/1.1" 200 719415
[07/Nov/2019 00:46:23] "GET /favicon.ico HTTP/1.1" 200 1400
[07/Nov/2019 00:46:23] "GET /static/img/lobster_wallpaper.jpg HTTP/1.1" 200 528055
[07/Nov/2019 00:46:23] "GET /static/img/inception_wallpaper.jpg HTTP/1.1" 200 1375489
[07/Nov/2019 00:46:23] "GET /api/movies/?category=genre&keyword=TV+Movie&page=1 HTTP/1.1" 200 56970
[07/Nov/2019 00:46:24] "GET /api/movies/?category=genre&keyword=Foreign&page=1 HTTP/1.1" 200 55460
[07/Nov/2019 00:46:24] "GET /api/auth/recommendMovie/?id=283230 HTTP/1.1" 200 28824
[07/Nov/2019 00:46:24] "GET /api/movies/?category=genre&keyword=Animation&page=1 HTTP/1.1" 200 55944
[07/Nov/2019 00:46:24] "GET /api/auth/predictRating/?movieId=98&useremail=crazygun22@nate.com HTTP/1.1" 200 60
[07/Nov/2019 00:46:34] "GET /static/img/no_poster.jpg HTTP/1.1" 404 1793
[07/Nov/2019 00:46:34] "GET /movies/detail/favicon.ico HTTP/1.1" 200 1400
[07/Nov/2019 00:46:34] "GET /api/movies/views/?id=334 HTTP/1.1" 200 15
[07/Nov/2019 00:46:34] "GET /api/movies/?id=334 HTTP/1.1" 200 1280
[07/Nov/2019 00:46:34] "GET /api/auth/predictRating/?movieId=334&useremail=crazygun22@nate.com HTTP/1.1" 200 60
[07/Nov/2019 00:46:34] "GET /api/movies/faculites/?movieId=334 HTTP/1.1" 200 7869
[07/Nov/2019 00:46:34] "GET /static/img/no_profile.png HTTP/1.1" 200 1850
[07/Nov/2019 00:46:47] "GET /favicon.ico HTTP/1.1" 200 1400
[07/Nov/2019 00:47:12] "GET /movies/detail/favicon.ico HTTP/1.1" 200 1400
[07/Nov/2019 00:47:12] "GET /api/movies/views/?id=81313 HTTP/1.1" 200 15
[07/Nov/2019 00:47:12] "GET /api/movies/?id=81313 HTTP/1.1" 200 911
[07/Nov/2019 00:47:12] "GET /api/auth/predictRating/?movieId=81313&useremail=crazygun22@nate.com HTTP/1.1" 200 60
[07/Nov/2019 00:47:12] "GET /api/movies/faculites/?movieId=81313 HTTP/1.1" 200 1162
[07/Nov/2019 00:47:16] "GET /favicon.ico HTTP/1.1" 200 1400
[07/Nov/2019 00:47:17] "GET /favicon.ico HTTP/1.1" 200 1400
[07/Nov/2019 00:47:17] "GET /favicon.ico HTTP/1.1" 200 1400
[07/Nov/2019 00:47:25] "GET /adminPage/favicon.ico HTTP/1.1" 200 1400
[07/Nov/2019 00:47:27] "GET /favicon.ico HTTP/1.1" 200 1400
[07/Nov/2019 00:47:30] "GET /adminPage/favicon.ico HTTP/1.1" 200 1400
[07/Nov/2019 00:47:30] "GET /favicon.ico HTTP/1.1" 200 1400
[07/Nov/2019 00:47:49] "GET /api/getRatings/?email=crazygun22@nate.com HTTP/1.1" 200 29
[07/Nov/2019 00:47:49] "GET /favicon.ico HTTP/1.1" 200 1400
[07/Nov/2019 00:47:49] "GET /api/movies/pref/?email=crazygun22@nate.com HTTP/1.1" 200 115
[07/Nov/2019 00:47:49] "GET /static/dist/img/userDetail.c093299a.jpg HTTP/1.1" 200 244128
[07/Nov/2019 00:47:58] "GET /api/auth/session/?token=e93535dca71d991c76458967ad386fa0b4b58866 HTTP/1.1" 200 294
[07/Nov/2019 00:47:58] "GET /favicon.ico HTTP/1.1" 200 1400
[07/Nov/2019 00:47:59] "POST /api/auth/logoutmember/ HTTP/1.1" 200 15
[07/Nov/2019 00:47:59] "GET /api/auth/recommendMovie/?id=283230 HTTP/1.1" 200 27170
[07/Nov/2019 00:48:00] "GET /api/movies/?category=genre&keyword=Foreign&page=1 HTTP/1.1" 200 55460
[07/Nov/2019 00:48:00] "GET /api/movies/?category=genre&keyword=Animation&page=1 HTTP/1.1" 200 55944
[07/Nov/2019 00:48:00] "GET /api/movies/?category=genre&keyword=TV+Movie&page=1 HTTP/1.1" 200 56970
[07/Nov/2019 00:48:00] "GET / HTTP/1.1" 200 1400
[07/Nov/2019 00:48:00] "GET /favicon.ico HTTP/1.1" 200 1400
[07/Nov/2019 00:48:00] "GET /api/movies/?category=genre&keyword=Animation&page=1 HTTP/1.1" 200 55944
[07/Nov/2019 00:48:01] "GET /api/movies/?category=genre&keyword=Action&page=1 HTTP/1.1" 200 58542
[07/Nov/2019 00:48:02] "GET /favicon.ico HTTP/1.1" 200 1400
[07/Nov/2019 00:48:07] "GET /favicon.ico HTTP/1.1" 200 1400
[07/Nov/2019 00:48:08] "GET /home HTTP/1.1" 200 1400
[07/Nov/2019 00:48:08] "GET /favicon.ico HTTP/1.1" 200 1400
[07/Nov/2019 03:07:44] "GET /movies/detail/favicon.ico HTTP/1.1" 200 1400
[07/Nov/2019 03:07:44] "GET /api/movies/views/?id=10336 HTTP/1.1" 200 15
[07/Nov/2019 03:07:44] "GET /api/movies/?id=10336 HTTP/1.1" 200 1323
[07/Nov/2019 03:07:44] "GET /api/auth/predictRating/?movieId=10336&useremail=test@youflix.com HTTP/1.1" 200 60
[07/Nov/2019 03:07:44] "GET /api/movies/faculites/?movieId=10336 HTTP/1.1" 200 4002
[07/Nov/2019 03:08:36] "GET /favicon.ico HTTP/1.1" 200 1400
[07/Nov/2019 03:08:39] "GET /api/auth/predictRating/?movieId=10276&useremail=test@youflix.com HTTP/1.1" 200 60
[07/Nov/2019 03:08:39] "GET /favicon.ico HTTP/1.1" 200 1400
[07/Nov/2019 03:08:41] "GET /favicon.ico HTTP/1.1" 200 1400
[07/Nov/2019 03:08:43] "GET /movies/detail/favicon.ico HTTP/1.1" 200 1400
[07/Nov/2019 03:08:43] "GET /api/movies/views/?id=56292 HTTP/1.1" 200 15
[07/Nov/2019 03:08:43] "GET /api/movies/?id=56292 HTTP/1.1" 200 1895
[07/Nov/2019 03:08:43] "GET /api/auth/predictRating/?movieId=56292&useremail=test@youflix.com HTTP/1.1" 200 60
[07/Nov/2019 03:08:43] "GET /api/movies/faculites/?movieId=56292 HTTP/1.1" 200 5076
[07/Nov/2019 03:08:49] "GET /favicon.ico HTTP/1.1" 200 1400
[07/Nov/2019 03:08:51] "GET /api/auth/predictRating/?movieId=94329&useremail=test@youflix.com HTTP/1.1" 200 60
[07/Nov/2019 03:08:53] "GET /api/auth/predictRating/?movieId=10276&useremail=test@youflix.com HTTP/1.1" 200 60
[07/Nov/2019 03:08:56] "GET /api/auth/predictRating/?movieId=56292&useremail=test@youflix.com HTTP/1.1" 200 60
[07/Nov/2019 03:08:56] "GET /favicon.ico HTTP/1.1" 200 1400
[07/Nov/2019 03:09:01] "GET /favicon.ico HTTP/1.1" 200 1400
[07/Nov/2019 03:09:02] "GET /api/auth/predictRating/?movieId=186&useremail=test@youflix.com HTTP/1.1" 200 60
[07/Nov/2019 03:09:06] "GET /api/auth/predictRating/?movieId=94329&useremail=test@youflix.com HTTP/1.1" 200 60
[07/Nov/2019 03:09:06] "GET /favicon.ico HTTP/1.1" 200 1400
[07/Nov/2019 03:09:12] "GET /favicon.ico HTTP/1.1" 200 1400
[07/Nov/2019 03:09:13] "GET /favicon.ico HTTP/1.1" 200 1400
[07/Nov/2019 03:09:16] "GET /api/auth/predictRating/?movieId=364&useremail=test@youflix.com HTTP/1.1" 200 60
[07/Nov/2019 03:09:37] "GET /static/dist/js/app.22eeccba.js.map HTTP/1.1" 304 0
[07/Nov/2019 03:09:57] "GET /api/movies/pref/?email=test@youflix.com HTTP/1.1" 200 115
[07/Nov/2019 03:09:57] "GET /api/getRatings/?email=test@youflix.com HTTP/1.1" 200 29
[07/Nov/2019 03:09:57] "GET /static/dist/img/userDetail.c093299a.jpg HTTP/1.1" 200 244128
[07/Nov/2019 03:09:57] "GET /favicon.ico HTTP/1.1" 200 1400
[07/Nov/2019 03:10:00] "GET /favicon.ico HTTP/1.1" 200 1400
[07/Nov/2019 03:10:03] "GET /favicon.ico HTTP/1.1" 200 1400
[07/Nov/2019 03:10:07] "GET /favicon.ico HTTP/1.1" 200 1400
[07/Nov/2019 03:10:15] "GET /api/auth/predictRating/?movieId=5894&useremail=test@youflix.com HTTP/1.1" 200 60
[07/Nov/2019 03:10:20] "GET /api/auth/predictRating/?movieId=40651&useremail=test@youflix.com HTTP/1.1" 200 60
[07/Nov/2019 03:10:26] "GET /api/auth/predictRating/?movieId=70&useremail=test@youflix.com HTTP/1.1" 200 60
[07/Nov/2019 03:10:34] "GET /movies/detail/favicon.ico HTTP/1.1" 200 1400
[07/Nov/2019 03:10:34] "GET /api/movies/views/?id=290911 HTTP/1.1" 200 15
[07/Nov/2019 03:10:34] "GET /api/movies/?id=290911 HTTP/1.1" 200 755
[07/Nov/2019 03:10:34] "GET /api/auth/predictRating/?movieId=290911&useremail=test@youflix.com HTTP/1.1" 200 60
[07/Nov/2019 03:10:34] "GET /api/movies/faculites/?movieId=290911 HTTP/1.1" 200 1238
[07/Nov/2019 03:10:34] "GET /static/img/no_profile.png HTTP/1.1" 200 1850
[07/Nov/2019 03:10:40] "GET /favicon.ico HTTP/1.1" 200 1400
[07/Nov/2019 03:10:42] "GET /movies/detail/favicon.ico HTTP/1.1" 200 1400
[07/Nov/2019 03:10:42] "GET /api/movies/views/?id=87296 HTTP/1.1" 200 15
[07/Nov/2019 03:10:42] "GET /api/movies/?id=87296 HTTP/1.1" 200 820
[07/Nov/2019 03:10:42] "GET /api/auth/predictRating/?movieId=87296&useremail=test@youflix.com HTTP/1.1" 200 60
[07/Nov/2019 03:10:42] "GET /api/movies/faculites/?movieId=87296 HTTP/1.1" 200 4249
[07/Nov/2019 03:10:50] "GET /favicon.ico HTTP/1.1" 200 1400
[07/Nov/2019 03:10:56] "GET /movies/detail/favicon.ico HTTP/1.1" 200 1400
[07/Nov/2019 03:10:56] "GET /api/movies/views/?id=87296 HTTP/1.1" 200 15
[07/Nov/2019 03:10:59] "GET /favicon.ico HTTP/1.1" 200 1400
[07/Nov/2019 03:11:04] "GET /movies/detail/favicon.ico HTTP/1.1" 200 1400
[07/Nov/2019 03:11:04] "GET /api/movies/views/?id=363383 HTTP/1.1" 200 15
[07/Nov/2019 03:11:04] "GET /api/movies/?id=363383 HTTP/1.1" 200 1011
[07/Nov/2019 03:11:04] "GET /api/auth/predictRating/?movieId=363383&useremail=test@youflix.com HTTP/1.1" 200 60
[07/Nov/2019 03:11:04] "GET /api/movies/faculites/?movieId=363383 HTTP/1.1" 200 53
[07/Nov/2019 03:11:06] "GET /favicon.ico HTTP/1.1" 200 1400
[07/Nov/2019 03:11:12] "GET /movies/detail/favicon.ico HTTP/1.1" 200 1400
[07/Nov/2019 03:11:12] "GET /api/movies/views/?id=370722 HTTP/1.1" 200 15
[07/Nov/2019 03:11:12] "GET /api/movies/?id=370722 HTTP/1.1" 200 950
[07/Nov/2019 03:11:12] "GET /api/auth/predictRating/?movieId=370722&useremail=test@youflix.com HTTP/1.1" 200 60
[07/Nov/2019 03:11:12] "GET /api/movies/faculites/?movieId=370722 HTTP/1.1" 200 4740
[07/Nov/2019 03:11:23] "GET /favicon.ico HTTP/1.1" 200 1400
[07/Nov/2019 03:12:21] "GET /movies/detail/favicon.ico HTTP/1.1" 200 1400
[07/Nov/2019 03:12:22] "GET /api/movies/views/?id=364 HTTP/1.1" 200 15
[07/Nov/2019 03:12:22] "GET /api/movies/?id=364 HTTP/1.1" 200 1737
[07/Nov/2019 03:12:22] "GET /api/auth/predictRating/?movieId=364&useremail=test@youflix.com HTTP/1.1" 200 60
[07/Nov/2019 03:12:22] "GET /api/movies/faculites/?movieId=364 HTTP/1.1" 200 4382
[07/Nov/2019 03:17:18] "GET /favicon.ico HTTP/1.1" 200 1400
[07/Nov/2019 05:23:53] "HEAD / HTTP/1.1" 200 1400
[07/Nov/2019 05:23:54] "GET / HTTP/1.1" 200 1400
[07/Nov/2019 05:23:54] "GET / HTTP/1.1" 200 1400
[07/Nov/2019 05:23:54] "GET /static/dist/js/app.22eeccba.js HTTP/1.1" 304 0
[07/Nov/2019 05:23:54] "GET /static/dist/css/app.7658fd6f.css HTTP/1.1" 304 0
[07/Nov/2019 05:23:55] "GET /static/dist/fonts/fontawesome-webfont.af7ae505.woff2 HTTP/1.1" 200 77160
[07/Nov/2019 05:23:55] "GET /api/auth/session/?token=f46699687a514f9ba50d2f7186f7c54902cd5c4e HTTP/1.1" 200 297
[07/Nov/2019 05:23:55] "GET /api/movies/?category=genre&keyword=Animation&page=1 HTTP/1.1" 200 55944
[07/Nov/2019 05:23:55] "GET /favicon.ico HTTP/1.1" 200 1400
[07/Nov/2019 05:23:56] "GET /api/movies/?category=genre&keyword=Action&page=1 HTTP/1.1" 200 58542
[07/Nov/2019 05:23:57] "GET /api/movies/?category=genre&keyword=Music&page=1 HTTP/1.1" 200 60087
[07/Nov/2019 05:23:57] "GET /api/movies/?category=genre&keyword=Foreign&page=1 HTTP/1.1" 200 55460
[07/Nov/2019 05:23:58] "GET /api/auth/recommendMovie/?id=283229 HTTP/1.1" 200 28330
[07/Nov/2019 05:23:58] "GET /api/auth/predictRating/?movieId=13&useremail=test@youflix.com HTTP/1.1" 200 60
[07/Nov/2019 05:23:58] "GET /api/movies/?category=genre&keyword=Crime&page=1 HTTP/1.1" 200 57465
[07/Nov/2019 05:25:37] "GET /movies/detail/favicon.ico HTTP/1.1" 200 1400
[07/Nov/2019 05:25:38] "GET /api/movies/views/?id=284152 HTTP/1.1" 200 15
[07/Nov/2019 05:25:38] "GET /api/movies/?id=284152 HTTP/1.1" 200 1387
[07/Nov/2019 05:25:38] "GET /api/auth/predictRating/?movieId=284152&useremail=test@youflix.com HTTP/1.1" 200 60
[07/Nov/2019 05:25:38] "GET /api/movies/faculites/?movieId=284152 HTTP/1.1" 200 2478
[07/Nov/2019 05:26:06] "GET /favicon.ico HTTP/1.1" 200 1400
[07/Nov/2019 05:26:16] "GET /movies/detail/favicon.ico HTTP/1.1" 200 1400
[07/Nov/2019 05:26:16] "GET /api/movies/views/?id=594 HTTP/1.1" 200 15
[07/Nov/2019 05:26:16] "GET /api/movies/?id=594 HTTP/1.1" 200 1794
[07/Nov/2019 05:26:16] "GET /api/auth/predictRating/?movieId=594&useremail=test@youflix.com HTTP/1.1" 200 60
[07/Nov/2019 05:26:16] "GET /api/movies/faculites/?movieId=594 HTTP/1.1" 200 6893
[07/Nov/2019 05:26:57] "GET /favicon.ico HTTP/1.1" 200 1400
[07/Nov/2019 06:55:08] "GET / HTTP/1.1" 200 1400
[07/Nov/2019 08:39:10] "GET / HTTP/1.1" 200 1400
[07/Nov/2019 08:39:10] "GET /static/dist/css/app.7658fd6f.css HTTP/1.1" 200 637789
[07/Nov/2019 08:39:10] "GET /static/dist/js/app.22eeccba.js HTTP/1.1" 200 1046870
[07/Nov/2019 08:39:11] "GET /static/img/chernobyl.jpg HTTP/1.1" 200 200892
[07/Nov/2019 08:39:11] "GET /static/dist/fonts/MaterialIcons-Regular.570eb838.woff2 HTTP/1.1" 200 44300
[07/Nov/2019 08:39:11] "GET /favicon.ico HTTP/1.1" 200 1400
[07/Nov/2019 08:39:12] "GET / HTTP/1.1" 200 1400
[07/Nov/2019 08:39:13] "GET /favicon.ico HTTP/1.1" 200 1400
[07/Nov/2019 08:39:49] "GET / HTTP/1.1" 200 1400
[07/Nov/2019 08:39:49] "GET /static/dist/css/app.7658fd6f.css HTTP/1.1" 304 0
[07/Nov/2019 08:39:49] "GET /static/dist/js/app.22eeccba.js HTTP/1.1" 200 1046870
[07/Nov/2019 08:39:49] "GET /static/img/chernobyl.jpg HTTP/1.1" 200 200892
[07/Nov/2019 08:39:49] "GET /static/dist/fonts/MaterialIcons-Regular.570eb838.woff2 HTTP/1.1" 200 44300
[07/Nov/2019 08:40:23] "GET / HTTP/1.1" 200 1400
[07/Nov/2019 08:40:23] "GET /static/dist/css/app.7658fd6f.css HTTP/1.1" 200 637789
[07/Nov/2019 08:40:24] "GET /static/dist/js/app.22eeccba.js HTTP/1.1" 200 1046870
[07/Nov/2019 08:40:24] "GET /static/img/chernobyl.jpg HTTP/1.1" 200 200892
[07/Nov/2019 08:40:24] "GET /static/dist/fonts/MaterialIcons-Regular.570eb838.woff2 HTTP/1.1" 200 44300
[07/Nov/2019 13:50:24] "GET / HTTP/1.1" 200 1400
[07/Nov/2019 13:50:28] "GET /static/dist/css/app.7658fd6f.css HTTP/1.1" 200 637789
[07/Nov/2019 13:50:28] "GET /static/dist/js/app.22eeccba.js HTTP/1.1" 200 1046870
[07/Nov/2019 13:50:30] "GET /static/img/lalaland_wallpaper.jpg HTTP/1.1" 200 719415
[07/Nov/2019 13:50:30] "GET /static/img/harry-potter-wallpaper.jpg HTTP/1.1" 200 164272
[07/Nov/2019 13:50:30] "GET /static/img/lobster_wallpaper.jpg HTTP/1.1" 200 528055
[07/Nov/2019 13:50:30] "GET /static/dist/fonts/fontawesome-webfont.af7ae505.woff2 HTTP/1.1" 200 77160
[07/Nov/2019 13:50:30] "GET /api/movies/?category=genre&keyword=Animation&page=1 HTTP/1.1" 200 55944
[07/Nov/2019 13:50:31] "GET /api/auth/session/?token=ede629a4758dcf8844d0453b0c3eb28e361e93b5 HTTP/1.1" 200 39
[07/Nov/2019 13:50:31] "GET /api/movies/?category=genre&keyword=Action&page=1 HTTP/1.1" 200 58542
[07/Nov/2019 13:50:31] "GET /static/img/chernobyl.jpg HTTP/1.1" 304 0
[07/Nov/2019 13:50:31] "GET /static/img/inception_wallpaper.jpg HTTP/1.1" 200 1375489
[07/Nov/2019 13:50:32] "GET /static/dist/fonts/MaterialIcons-Regular.570eb838.woff2 HTTP/1.1" 200 44300
[07/Nov/2019 13:50:33] "GET /favicon.ico HTTP/1.1" 200 1400
[07/Nov/2019 13:51:04] "GET / HTTP/1.1" 200 1400
[07/Nov/2019 13:51:06] "GET /favicon.ico HTTP/1.1" 200 1400
[07/Nov/2019 13:51:10] "GET /favicon.ico HTTP/1.1" 200 1400
[07/Nov/2019 13:51:13] "GET /favicon.ico HTTP/1.1" 200 1400
[07/Nov/2019 13:53:29] "GET /favicon.ico HTTP/1.1" 200 1400
[07/Nov/2019 13:54:27] "GET /api/auth/duplicateInspection/?email=saebom@ssafy.com HTTP/1.1" 200 15
[07/Nov/2019 13:54:27] "POST /api/auth/registermember/ HTTP/1.1" 200 15
[07/Nov/2019 13:54:29] "GET /login HTTP/1.1" 200 1400
[07/Nov/2019 13:54:31] "GET /favicon.ico HTTP/1.1" 200 1400
[07/Nov/2019 13:54:39] "POST /api/auth/loginmember/ HTTP/1.1" 200 302
[07/Nov/2019 13:54:43] "GET /api/movies/?category=genre&keyword=Romance&page=1 HTTP/1.1" 200 56239
[07/Nov/2019 13:54:43] "GET /favicon.ico HTTP/1.1" 200 1400
[07/Nov/2019 13:54:44] "GET /api/auth/recommendMovie/?id=283231 HTTP/1.1" 200 26695
[07/Nov/2019 13:54:44] "GET /api/movies/?category=genre&keyword=Music&page=1 HTTP/1.1" 200 60087
[07/Nov/2019 13:54:44] "GET /api/auth/predictRating/?movieId=147&useremail=saebom@ssafy.com HTTP/1.1" 200 60
[07/Nov/2019 13:54:44] "GET /api/movies/?category=genre&keyword=Mystery&page=1 HTTP/1.1" 200 59969
[07/Nov/2019 13:55:02] "GET /api/auth/predictRating/?movieId=578&useremail=saebom@ssafy.com HTTP/1.1" 200 60
[07/Nov/2019 13:55:04] "GET /api/auth/predictRating/?movieId=2074&useremail=saebom@ssafy.com HTTP/1.1" 200 60
[07/Nov/2019 13:55:07] "GET /api/auth/predictRating/?movieId=9598&useremail=saebom@ssafy.com HTTP/1.1" 200 60
[07/Nov/2019 13:55:14] "GET /favicon.ico HTTP/1.1" 200 1400
[07/Nov/2019 13:55:20] "GET /favicon.ico HTTP/1.1" 200 1400
[07/Nov/2019 13:55:29] "GET /api/movies/views/?id=12590 HTTP/1.1" 200 15
[07/Nov/2019 13:55:29] "GET /api/movies/?id=12590 HTTP/1.1" 200 1441
[07/Nov/2019 13:55:29] "GET /movies/detail/favicon.ico HTTP/1.1" 200 1400
[07/Nov/2019 13:55:29] "GET /static/img/no_poster.jpg HTTP/1.1" 404 1793
[07/Nov/2019 13:55:29] "GET /api/movies/faculites/?movieId=12590 HTTP/1.1" 200 4240
[07/Nov/2019 13:55:29] "GET /api/auth/predictRating/?movieId=12590&useremail=saebom@ssafy.com HTTP/1.1" 200 60
[07/Nov/2019 13:55:47] "GET /static/img/no_profile.png HTTP/1.1" 200 1850
[07/Nov/2019 13:55:54] "GET /favicon.ico HTTP/1.1" 200 1400
[07/Nov/2019 13:56:36] "GET /movies/detail/favicon.ico HTTP/1.1" 200 1400
[07/Nov/2019 13:56:36] "GET /api/movies/views/?id=273084 HTTP/1.1" 200 15
[07/Nov/2019 13:56:36] "GET /api/movies/?id=273084 HTTP/1.1" 200 886
[07/Nov/2019 13:56:37] "GET /api/auth/predictRating/?movieId=273084&useremail=saebom@ssafy.com HTTP/1.1" 200 60
[07/Nov/2019 13:56:37] "GET /api/movies/faculites/?movieId=273084 HTTP/1.1" 200 856
[07/Nov/2019 13:56:38] "GET /favicon.ico HTTP/1.1" 200 1400
[07/Nov/2019 13:56:40] "GET /movies/detail/favicon.ico HTTP/1.1" 200 1400
[07/Nov/2019 13:56:40] "GET /api/movies/views/?id=16871 HTTP/1.1" 200 15
[07/Nov/2019 13:56:40] "GET /api/movies/?id=16871 HTTP/1.1" 200 1589
[07/Nov/2019 13:56:40] "GET /api/auth/predictRating/?movieId=16871&useremail=saebom@ssafy.com HTTP/1.1" 200 60
[07/Nov/2019 13:56:40] "GET /api/movies/faculites/?movieId=16871 HTTP/1.1" 200 10631
[07/Nov/2019 13:56:42] "GET /favicon.ico HTTP/1.1" 200 1400
[07/Nov/2019 13:56:44] "GET /api/auth/predictRating/?movieId=16871&useremail=saebom@ssafy.com HTTP/1.1" 200 60
[07/Nov/2019 13:56:44] "GET /favicon.ico HTTP/1.1" 200 1400
[07/Nov/2019 13:56:51] "GET /api/rateMovie/?email=saebom@ssafy.com&movie_id=16871&ratingValue=5 HTTP/1.1" 200 15
[07/Nov/2019 13:56:54] "GET /favicon.ico HTTP/1.1" 200 1400
[07/Nov/2019 13:57:02] "GET /api/movies/pref/?email=saebom@ssafy.com HTTP/1.1" 200 115
[07/Nov/2019 13:57:02] "GET /favicon.ico HTTP/1.1" 200 1400
[07/Nov/2019 13:57:02] "GET /api/getRatings/?email=saebom@ssafy.com HTTP/1.1" 200 261
[07/Nov/2019 13:57:04] "GET /static/dist/img/userDetail.c093299a.jpg HTTP/1.1" 200 244128
[07/Nov/2019 13:57:13] "GET /myflix HTTP/1.1" 200 1400
[07/Nov/2019 13:57:14] "GET /api/auth/session/?token=719b47a770b8491814b3ed0adad4bff828d6c4ee HTTP/1.1" 200 302
[07/Nov/2019 13:57:15] "GET /favicon.ico HTTP/1.1" 200 1400
[07/Nov/2019 13:57:18] "GET /favicon.ico HTTP/1.1" 200 1400
[07/Nov/2019 13:57:19] "GET /api/movies/?category=genre&keyword=Music&page=1 HTTP/1.1" 200 60087
[07/Nov/2019 13:57:20] "GET /api/movies/?category=genre&keyword=Mystery&page=1 HTTP/1.1" 200 59969
[07/Nov/2019 13:57:20] "GET /api/auth/recommendMovie/?id=283231 HTTP/1.1" 200 52125
[07/Nov/2019 13:57:20] "GET /api/auth/predictRating/?movieId=10280&useremail=saebom@ssafy.com HTTP/1.1" 200 60
[07/Nov/2019 13:57:21] "GET /api/movies/?category=genre&keyword=Romance&page=1 HTTP/1.1" 200 56239
[07/Nov/2019 13:57:22] "GET /static/img/commingsoon.jpg HTTP/1.1" 200 12447
[07/Nov/2019 13:57:22] "GET /home HTTP/1.1" 200 1400
[07/Nov/2019 13:57:23] "GET /api/auth/session/?token=719b47a770b8491814b3ed0adad4bff828d6c4ee HTTP/1.1" 200 302
[07/Nov/2019 13:57:23] "GET /favicon.ico HTTP/1.1" 200 1400
[07/Nov/2019 13:57:23] "GET /api/movies/?category=genre&keyword=Animation&page=1 HTTP/1.1" 200 55944
[07/Nov/2019 13:57:25] "GET /api/movies/?category=genre&keyword=Music&page=1 HTTP/1.1" 200 60087
[07/Nov/2019 13:57:26] "GET /api/movies/?category=genre&keyword=Mystery&page=1 HTTP/1.1" 200 59969
[07/Nov/2019 13:57:26] "GET /api/auth/recommendMovie/?id=283231 HTTP/1.1" 200 52125
[07/Nov/2019 13:57:26] "GET /api/auth/predictRating/?movieId=10280&useremail=saebom@ssafy.com HTTP/1.1" 200 60
[07/Nov/2019 13:57:27] "GET /api/movies/?category=genre&keyword=Action&page=1 HTTP/1.1" 200 58542
[07/Nov/2019 13:57:27] "GET /api/movies/?category=genre&keyword=Romance&page=1 HTTP/1.1" 200 56239
[07/Nov/2019 13:57:35] "GET /api/auth/predictRating/?movieId=168885&useremail=saebom@ssafy.com HTTP/1.1" 200 60
[07/Nov/2019 13:57:37] "GET /api/auth/predictRating/?movieId=85024&useremail=saebom@ssafy.com HTTP/1.1" 200 60
[07/Nov/2019 13:57:39] "GET /api/auth/predictRating/?movieId=190341&useremail=saebom@ssafy.com HTTP/1.1" 200 60
[07/Nov/2019 13:57:41] "GET /api/auth/predictRating/?movieId=199578&useremail=saebom@ssafy.com HTTP/1.1" 200 60
[07/Nov/2019 13:57:43] "GET /api/auth/predictRating/?movieId=18759&useremail=saebom@ssafy.com HTTP/1.1" 200 60
[07/Nov/2019 13:58:02] "GET /api/auth/session/?token=719b47a770b8491814b3ed0adad4bff828d6c4ee HTTP/1.1" 200 302
[07/Nov/2019 13:58:03] "POST /api/auth/logoutmember/ HTTP/1.1" 200 15
[07/Nov/2019 13:58:03] "GET /api/movies/?category=genre&keyword=Music&page=1 HTTP/1.1" 200 60087
[07/Nov/2019 13:58:04] "GET /api/movies/?category=genre&keyword=Romance&page=1 HTTP/1.1" 200 56239
[07/Nov/2019 13:58:04] "GET / HTTP/1.1" 200 1400
[07/Nov/2019 13:58:04] "GET /api/auth/recommendMovie/?id=283231 HTTP/1.1" 200 52125
[07/Nov/2019 13:58:05] "GET /api/movies/?category=genre&keyword=Animation&page=1 HTTP/1.1" 200 55944
[07/Nov/2019 13:58:05] "GET /api/movies/?category=genre&keyword=Mystery&page=1 HTTP/1.1" 200 59969
[07/Nov/2019 13:58:05] "GET /api/movies/?category=genre&keyword=Action&page=1 HTTP/1.1" 200 58542
[07/Nov/2019 13:58:05] "GET /favicon.ico HTTP/1.1" 200 1400
[07/Nov/2019 13:58:07] "GET /favicon.ico HTTP/1.1" 200 1400
[07/Nov/2019 13:58:18] "POST /api/auth/loginmember/ HTTP/1.1" 200 259
[07/Nov/2019 13:58:29] "POST /api/auth/loginmember/ HTTP/1.1" 200 259
[07/Nov/2019 13:58:33] "GET /login HTTP/1.1" 200 1400
[07/Nov/2019 13:58:34] "GET /favicon.ico HTTP/1.1" 200 1400
[07/Nov/2019 13:58:42] "POST /api/auth/loginmember/ HTTP/1.1" 200 259
[07/Nov/2019 13:58:44] "GET /favicon.ico HTTP/1.1" 200 1400
[07/Nov/2019 13:59:06] "GET / HTTP/1.1" 200 1400
[07/Nov/2019 13:59:12] "GET /favicon.ico HTTP/1.1" 200 1400
[07/Nov/2019 13:59:15] "GET /favicon.ico HTTP/1.1" 200 1400
[07/Nov/2019 13:59:24] "POST /api/auth/loginmember/ HTTP/1.1" 200 302
[07/Nov/2019 13:59:25] "GET /favicon.ico HTTP/1.1" 200 1400
[07/Nov/2019 13:59:26] "GET /api/movies/?category=genre&keyword=Music&page=1 HTTP/1.1" 200 60087
[07/Nov/2019 13:59:27] "GET /api/movies/?category=genre&keyword=Mystery&page=1 HTTP/1.1" 200 59969
[07/Nov/2019 13:59:27] "GET /api/auth/recommendMovie/?id=283231 HTTP/1.1" 200 52125
[07/Nov/2019 13:59:27] "GET /api/movies/?category=genre&keyword=Romance&page=1 HTTP/1.1" 200 56239
[07/Nov/2019 13:59:28] "GET /api/auth/predictRating/?movieId=10280&useremail=saebom@ssafy.com HTTP/1.1" 200 60
[07/Nov/2019 13:59:32] "GET /api/movies/pref/?email=saebom@ssafy.com HTTP/1.1" 200 115
[07/Nov/2019 13:59:32] "GET /api/getRatings/?email=saebom@ssafy.com HTTP/1.1" 200 261
[07/Nov/2019 13:59:32] "GET /favicon.ico HTTP/1.1" 200 1400
[07/Nov/2019 13:59:56] "GET /favicon.ico HTTP/1.1" 200 1400
[07/Nov/2019 13:59:59] "GET /api/auth/predictRating/?movieId=39176&useremail=saebom@ssafy.com HTTP/1.1" 200 60
[07/Nov/2019 14:00:01] "GET /api/auth/predictRating/?movieId=15979&useremail=saebom@ssafy.com HTTP/1.1" 200 60
[07/Nov/2019 14:00:02] "GET /api/auth/predictRating/?movieId=253794&useremail=saebom@ssafy.com HTTP/1.1" 200 60
[07/Nov/2019 14:00:20] "GET /movie/favicon.ico HTTP/1.1" 200 1400
[07/Nov/2019 14:00:20] "GET /api/movies/?category=genre&keyword=Crime&title= HTTP/1.1" 200 57465
[07/Nov/2019 14:00:29] "GET /favicon.ico HTTP/1.1" 200 1400
[07/Nov/2019 14:00:39] "GET /movie/favicon.ico HTTP/1.1" 200 1400
[07/Nov/2019 14:00:39] "GET /api/movies/?category=genre&keyword=Action&title= HTTP/1.1" 200 58542
[07/Nov/2019 14:01:00] "GET /api/movies/?category=genre&keyword=Action&title=avengers HTTP/1.1" 200 13535
[07/Nov/2019 14:01:01] "GET /api/movies/?category=genre&keyword=Action&title=avengers HTTP/1.1" 200 13535
[07/Nov/2019 14:01:09] "GET /api/movies/?category=genre&keyword=Action&title=avangers HTTP/1.1" 200 29
[07/Nov/2019 14:01:10] "GET /api/movies/?category=genre&keyword=Action&title=avangers HTTP/1.1" 200 29
[07/Nov/2019 14:01:18] "GET /api/movies/?category=genre&keyword=Science+Fiction&title=avangers HTTP/1.1" 200 29
[07/Nov/2019 14:01:21] "GET /api/movies/?category=genre&keyword=Drama&title=avangers HTTP/1.1" 200 29
[07/Nov/2019 14:01:28] "GET /api/movies/?category=genre&keyword=Drama&title=avengers HTTP/1.1" 200 1163
[07/Nov/2019 14:01:29] "GET /api/movies/?category=genre&keyword=Drama&title=avengers HTTP/1.1" 200 1163
[07/Nov/2019 14:01:46] "GET /static/dist/js/app.22eeccba.js.map HTTP/1.1" 200 3516177
[07/Nov/2019 14:01:49] "GET /api/movies/?category=genre&keyword=Drama&title= HTTP/1.1" 200 53029
[07/Nov/2019 14:01:50] "GET /api/movies/?category=genre&keyword=Drama&title= HTTP/1.1" 200 53029
[07/Nov/2019 14:01:59] "GET /api/movies/views/?id=162821 HTTP/1.1" 200 15
[07/Nov/2019 14:01:59] "GET /api/movies/?id=162821 HTTP/1.1" 200 1758
[07/Nov/2019 14:01:59] "GET /movies/detail/favicon.ico HTTP/1.1" 200 1400
[07/Nov/2019 14:01:59] "GET /static/img/no_poster.jpg HTTP/1.1" 404 1793
[07/Nov/2019 14:01:59] "GET /api/auth/predictRating/?movieId=162821&useremail=saebom@ssafy.com HTTP/1.1" 200 60
[07/Nov/2019 14:01:59] "GET /api/movies/faculites/?movieId=162821 HTTP/1.1" 200 1138
[07/Nov/2019 14:16:46] "HEAD / HTTP/1.1" 200 1400
[07/Nov/2019 14:16:46] "GET / HTTP/1.1" 200 1400
[07/Nov/2019 14:16:48] "GET / HTTP/1.1" 200 1400
[07/Nov/2019 14:16:49] "GET /api/auth/session/?token=c8f8d4814971344dd0c3da5bd11bbbb2f79a2830 HTTP/1.1" 200 302
[07/Nov/2019 14:16:49] "GET /api/movies/?category=genre&keyword=Animation&page=1 HTTP/1.1" 200 55944
[07/Nov/2019 14:16:49] "GET /favicon.ico HTTP/1.1" 200 1400
[07/Nov/2019 14:16:50] "GET /api/movies/?category=genre&keyword=Action&page=1 HTTP/1.1" 200 58542
[07/Nov/2019 14:16:50] "GET /api/auth/recommendMovie/?id=283231 HTTP/1.1" 200 52125
[07/Nov/2019 14:16:51] "GET /api/auth/predictRating/?movieId=10280&useremail=saebom@ssafy.com HTTP/1.1" 200 60
[07/Nov/2019 14:16:51] "GET /api/movies/?category=genre&keyword=Music&page=1 HTTP/1.1" 200 60087
[07/Nov/2019 14:16:51] "GET /api/movies/?category=genre&keyword=Mystery&page=1 HTTP/1.1" 200 59969
[07/Nov/2019 14:16:52] "GET /api/movies/?category=genre&keyword=Romance&page=1 HTTP/1.1" 200 56239
[07/Nov/2019 14:16:57] "GET /api/auth/session/?token=c8f8d4814971344dd0c3da5bd11bbbb2f79a2830 HTTP/1.1" 200 302
[07/Nov/2019 14:16:58] "POST /api/auth/logoutmember/ HTTP/1.1" 200 15
[07/Nov/2019 14:16:59] "GET /api/movies/?category=genre&keyword=Music&page=1 HTTP/1.1" 200 60087
[07/Nov/2019 14:16:59] "GET /api/movies/?category=genre&keyword=Romance&page=1 HTTP/1.1" 200 56239
[07/Nov/2019 14:16:59] "GET /api/auth/recommendMovie/?id=283231 HTTP/1.1" 200 52125
[07/Nov/2019 14:16:59] "GET /api/movies/?category=genre&keyword=Mystery&page=1 HTTP/1.1" 200 59969
[07/Nov/2019 14:17:00] "GET /api/movies/?category=genre&keyword=Animation&page=1 HTTP/1.1" 200 55944
[07/Nov/2019 14:17:00] "GET / HTTP/1.1" 200 1400
[07/Nov/2019 14:17:00] "GET /api/movies/?category=genre&keyword=Action&page=1 HTTP/1.1" 200 58542
[07/Nov/2019 14:17:11] "HEAD / HTTP/1.1" 200 1400
[07/Nov/2019 14:17:11] "GET / HTTP/1.1" 200 1400
[07/Nov/2019 14:17:14] "GET / HTTP/1.1" 200 1400
[07/Nov/2019 14:17:22] "GET /favicon.ico HTTP/1.1" 200 1400
[07/Nov/2019 14:17:27] "GET /favicon.ico HTTP/1.1" 200 1400
[07/Nov/2019 14:17:31] "GET /favicon.ico HTTP/1.1" 200 1400
[07/Nov/2019 14:17:32] "GET /favicon.ico HTTP/1.1" 200 1400
[07/Nov/2019 14:17:39] "POST /api/auth/loginmember/ HTTP/1.1" 200 302
[07/Nov/2019 14:17:41] "GET /favicon.ico HTTP/1.1" 200 1400
[07/Nov/2019 14:17:41] "GET /api/movies/?category=genre&keyword=Romance&page=1 HTTP/1.1" 200 56239
[07/Nov/2019 14:17:42] "GET /api/movies/?category=genre&keyword=Music&page=1 HTTP/1.1" 200 60087
[07/Nov/2019 14:17:43] "GET /api/movies/?category=genre&keyword=Mystery&page=1 HTTP/1.1" 200 59969
[07/Nov/2019 14:17:43] "GET /api/auth/recommendMovie/?id=283231 HTTP/1.1" 200 52125
[07/Nov/2019 14:17:43] "GET /api/auth/predictRating/?movieId=10280&useremail=saebom@ssafy.com HTTP/1.1" 200 60
[07/Nov/2019 14:17:59] "GET /api/auth/predictRating/?movieId=168885&useremail=saebom@ssafy.com HTTP/1.1" 200 60
[07/Nov/2019 14:18:00] "GET /api/auth/predictRating/?movieId=85024&useremail=saebom@ssafy.com HTTP/1.1" 200 60
[07/Nov/2019 14:18:09] "GET /api/auth/predictRating/?movieId=190341&useremail=saebom@ssafy.com HTTP/1.1" 200 60
[07/Nov/2019 14:18:11] "GET /api/auth/predictRating/?movieId=105156&useremail=saebom@ssafy.com HTTP/1.1" 200 60
[07/Nov/2019 14:18:11] "GET /favicon.ico HTTP/1.1" 200 1400
[07/Nov/2019 14:18:15] "GET /favicon.ico HTTP/1.1" 200 1400
[07/Nov/2019 14:18:19] "GET /static/img/no_poster.jpg HTTP/1.1" 404 1793
[07/Nov/2019 14:18:19] "GET /movies/detail/favicon.ico HTTP/1.1" 200 1400
[07/Nov/2019 14:18:19] "GET /api/movies/views/?id=105156 HTTP/1.1" 200 15
[07/Nov/2019 14:18:19] "GET /api/movies/?id=105156 HTTP/1.1" 200 1007
[07/Nov/2019 14:18:20] "GET /api/auth/predictRating/?movieId=105156&useremail=saebom@ssafy.com HTTP/1.1" 200 60
[07/Nov/2019 14:18:20] "GET /api/movies/faculites/?movieId=105156 HTTP/1.1" 200 2311
[07/Nov/2019 14:18:35] "GET /favicon.ico HTTP/1.1" 200 1400
[07/Nov/2019 14:19:19] "GET /favicon.ico HTTP/1.1" 200 1400
[07/Nov/2019 14:19:21] "GET /favicon.ico HTTP/1.1" 200 1400
[07/Nov/2019 14:19:27] "GET /api/auth/predictRating/?movieId=75537&useremail=saebom@ssafy.com HTTP/1.1" 200 60
[07/Nov/2019 14:19:27] "GET /favicon.ico HTTP/1.1" 200 1400
[07/Nov/2019 14:19:30] "GET /api/rateMovie/?email=saebom@ssafy.com&movie_id=75537&ratingValue=5 HTTP/1.1" 200 15
[07/Nov/2019 14:19:32] "GET /api/movies/pref/?email=saebom@ssafy.com HTTP/1.1" 200 115
[07/Nov/2019 14:19:32] "GET /api/getRatings/?email=saebom@ssafy.com HTTP/1.1" 200 490
[07/Nov/2019 14:19:32] "GET /favicon.ico HTTP/1.1" 200 1400
[07/Nov/2019 14:19:40] "GET /favicon.ico HTTP/1.1" 200 1400
[07/Nov/2019 14:19:41] "GET /favicon.ico HTTP/1.1" 200 1400
[07/Nov/2019 14:19:42] "GET /favicon.ico HTTP/1.1" 200 1400
[07/Nov/2019 14:19:58] "GET /favicon.ico HTTP/1.1" 200 1400
[07/Nov/2019 14:19:59] "GET /home HTTP/1.1" 200 1400
[07/Nov/2019 14:20:00] "GET /api/auth/session/?token=9cf156ef96c3ccfe76677e37ebdbe3d71d958858 HTTP/1.1" 200 302
[07/Nov/2019 14:20:00] "GET /api/movies/?category=genre&keyword=Animation&page=1 HTTP/1.1" 200 55944
[07/Nov/2019 14:20:00] "GET /favicon.ico HTTP/1.1" 200 1400
[07/Nov/2019 14:20:01] "GET /api/movies/?category=genre&keyword=Action&page=1 HTTP/1.1" 200 58542
Performing system checks...

System check identified no issues (0 silenced).
November 07, 2019 - 00:35:15
Django version 2.2.4, using settings 'djangoAPI.settings.development'
Starting development server at http://0.0.0.0:8000/
Quit the server with CONTROL-C.
None None genre Foreign 1 1
None None genre Crime 1 1
GET
None None genre Music 1 1
평점개수 20개 미만
rating 0개
predictMovieRating  11 test@youflix.com
predictMovieRating  70 test@youflix.com
98498 None None None 1 1
predictMovieRating  98498 test@youflix.com
None  genre TV Movie 1 1
None  genre TV Movie 1 1
None  genre Foreign 1 1
predictMovieRating  642 test@youflix.com
predictMovieRating  5894 test@youflix.com
predictMovieRating  11974 test@youflix.com
None None genre TV Movie 1 1
None None genre Foreign 1 1
None None genre Animation 1 1
GET
평점개수 20개 미만
rating 0개
predictMovieRating  98 crazygun22@nate.com
334 None None None 1 1
predictMovieRating  334 crazygun22@nate.com
81313 None None None 1 1
predictMovieRating  81313 crazygun22@nate.com
profile ID:  283230
None None genre Animation 1 1
None None genre Foreign 1 1
None None genre TV Movie 1 1
GET
평점개수 20개 미만
rating 0개
None None genre Action 1 1
None None genre Animation 1 1
10336 None None None 1 1
predictMovieRating  10336 test@youflix.com
predictMovieRating  10276 test@youflix.com
56292 None None None 1 1
predictMovieRating  56292 test@youflix.com
predictMovieRating  94329 test@youflix.com
predictMovieRating  10276 test@youflix.com
predictMovieRating  56292 test@youflix.com
predictMovieRating  186 test@youflix.com
predictMovieRating  94329 test@youflix.com
predictMovieRating  364 test@youflix.com
predictMovieRating  5894 test@youflix.com
predictMovieRating  40651 test@youflix.com
predictMovieRating  70 test@youflix.com
290911 None None None 1 1
predictMovieRating  290911 test@youflix.com
87296 None None None 1 1
predictMovieRating  87296 test@youflix.com
363383 None None None 1 1
predictMovieRating  363383 test@youflix.com
370722 None None None 1 1
predictMovieRating  370722 test@youflix.com
364 None None None 1 1
predictMovieRating  364 test@youflix.com
None None genre Action 1 1
None None genre Animation 1 1
profile ID:  283229
None None genre Foreign 1 1
GET
None None genre Crime 1 1
None None genre Music 1 1
평점개수 20개 미만
rating 0개
predictMovieRating  13 test@youflix.com
284152 None None None 1 1
predictMovieRating  284152 test@youflix.com
594 None None None 1 1
predictMovieRating  594 test@youflix.com
None None genre Animation 1 1
None None genre Action 1 1
None None genre Romance 1 1
GET
None None genre Music 1 1
None None genre Mystery 1 1
평점개수 20개 미만
rating 0개
predictMovieRating  147 saebom@ssafy.com
predictMovieRating  578 saebom@ssafy.com
predictMovieRating  2074 saebom@ssafy.com
predictMovieRating  9598 saebom@ssafy.com
12590 None None None 1 1
predictMovieRating  12590 saebom@ssafy.com
273084 None None None 1 1
predictMovieRating  273084 saebom@ssafy.com
16871 None None None 1 1
predictMovieRating  16871 saebom@ssafy.com
predictMovieRating  16871 saebom@ssafy.com
{'0.5': 0, '1': 0, '1.5': 0, '2': 0, '2.5': 0, '3': 0, '3.5': 0, '4': 0, '4.5': 0, '5': 1}
profile ID:  283231
None None genre Romance 1 1
None None genre Music 1 1
None None genre Mystery 1 1
GET
평점개수 20개 미만
[16871]
[[0 0 0 ... 0 0 0]]
[[0 0 0 ... 0 0 0]]
7746     1.000000
4011     0.231125
9719     0.214834
30416    0.196116
23622    0.196116
           ...   
16562    0.000000
33104    0.000000
16565    0.000000
16566    0.000000
45432    0.000000
Length: 45433, dtype: float64
predictMovieRating  10280 saebom@ssafy.com
None None genre Animation 1 1
None None genre Action 1 1
profile ID:  283231
GET
None None genre Music 1 1
None None genre Romance 1 1
None None genre Mystery 1 1
평점개수 20개 미만
[16871]
[[0 0 0 ... 0 0 0]]
[[0 0 0 ... 0 0 0]]
7746     1.000000
4011     0.231125
9719     0.214834
30416    0.196116
23622    0.196116
           ...   
16562    0.000000
33104    0.000000
16565    0.000000
16566    0.000000
45432    0.000000
Length: 45433, dtype: float64
predictMovieRating  10280 saebom@ssafy.com
predictMovieRating  168885 saebom@ssafy.com
predictMovieRating  85024 saebom@ssafy.com
predictMovieRating  190341 saebom@ssafy.com
predictMovieRating  199578 saebom@ssafy.com
predictMovieRating  18759 saebom@ssafy.com
profile ID:  283231
GET
None None genre Romance 1 1
None None genre Music 1 1
None None genre Mystery 1 1
평점개수 20개 미만
[16871]
[[0 0 0 ... 0 0 0]]
[[0 0 0 ... 0 0 0]]
7746     1.000000
4011     0.231125
9719     0.214834
30416    0.196116
23622    0.196116
           ...   
16562    0.000000
33104    0.000000
16565    0.000000
16566    0.000000
45432    0.000000
Length: 45433, dtype: float64
None None genre Animation 1 1
None None genre Action 1 1
None None genre Romance 1 1
None None genre Mystery 1 1
None None genre Music 1 1
GET
평점개수 20개 미만
[16871]
[[0 0 0 ... 0 0 0]]
[[0 0 0 ... 0 0 0]]
7746     1.000000
4011     0.231125
9719     0.214834
30416    0.196116
23622    0.196116
           ...   
16562    0.000000
33104    0.000000
16565    0.000000
16566    0.000000
45432    0.000000
Length: 45433, dtype: float64
predictMovieRating  10280 saebom@ssafy.com
{'0.5': 0, '1': 0, '1.5': 0, '2': 0, '2.5': 0, '3': 0, '3.5': 0, '4': 0, '4.5': 0, '5': 1}
predictMovieRating  39176 saebom@ssafy.com
predictMovieRating  15979 saebom@ssafy.com
predictMovieRating  253794 saebom@ssafy.com
None  genre Crime 1 1
None  genre Action 1 1
None avengers genre Action 1 1
None avengers genre Action 1 1
None avangers genre Action 1 1
None avangers genre Action 1 1
None avangers genre Science Fiction 1 1
None avangers genre Drama 1 1
None avengers genre Drama 1 1
None avengers genre Drama 1 1
None  genre Drama 1 1
None  genre Drama 1 1
162821 None None None 1 1
predictMovieRating  162821 saebom@ssafy.com
None None genre Animation 1 1
None None genre Action 1 1
profile ID:  283231
None None genre Romance 1 1
GET
None None genre Music 1 1
None None genre Mystery 1 1
평점개수 20개 미만
[16871]
[[0 0 0 ... 0 0 0]]
[[0 0 0 ... 0 0 0]]
7746     1.000000
4011     0.231125
9719     0.214834
30416    0.196116
23622    0.196116
           ...   
16562    0.000000
33104    0.000000
16565    0.000000
16566    0.000000
45432    0.000000
Length: 45433, dtype: float64
predictMovieRating  10280 saebom@ssafy.com
profile ID:  283231
GET
평점개수 20개 미만
[16871]
[[0 0 0 ... 0 0 0]]
[[0 0 0 ... 0 0 0]]
None None genre Mystery 1 1
None None genre Romance 1 1
None None genre Music 1 1
7746     1.000000
4011     0.231125
9719     0.214834
30416    0.196116
23622    0.196116
           ...   
16562    0.000000
33104    0.000000
16565    0.000000
16566    0.000000
45432    0.000000
Length: 45433, dtype: float64
None None genre Animation 1 1
None None genre Action 1 1
None None genre Romance 1 1
None None genre Music 1 1
GET
None None genre Mystery 1 1
평점개수 20개 미만
[16871]
[[0 0 0 ... 0 0 0]]
[[0 0 0 ... 0 0 0]]
7746     1.000000
4011     0.231125
9719     0.214834
30416    0.196116
23622    0.196116
           ...   
16562    0.000000
33104    0.000000
16565    0.000000
16566    0.000000
45432    0.000000
Length: 45433, dtype: float64
predictMovieRating  10280 saebom@ssafy.com
predictMovieRating  168885 saebom@ssafy.com
predictMovieRating  85024 saebom@ssafy.com
predictMovieRating  190341 saebom@ssafy.com
predictMovieRating  105156 saebom@ssafy.com
105156 None None None 1 1
predictMovieRating  105156 saebom@ssafy.com
predictMovieRating  75537 saebom@ssafy.com
{'0.5': 0, '1': 0, '1.5': 0, '2': 0, '2.5': 0, '3': 0, '3.5': 0, '4': 0, '4.5': 0, '5': 1}
{'0.5': 0, '1': 0, '1.5': 0, '2': 0, '2.5': 0, '3': 0, '3.5': 0, '4': 0, '4.5': 0, '5': 2}
None None genre Animation 1 1
None None genre Action 1 1
profile ID:  283231
None None genre Romance 1 1
GET
None None genre Music 1 1
None None genre Mystery 1 1
평점개수 20개 미만
[16871, 75537]
[[0 0 0 ... 0 0 0]]
[[0 0 0 ... 0 0 0]]
[[0 0 0 ... 0 0 0]]
7746     0.993304
23622    0.286691
25655    0.273096
4011     0.247770
9719     0.244264
           ...   
35647    0.000000
14524    0.000000
14523    0.000000
14521    0.000000
13980    0.000000
Length: 45433, dtype: float64[07/Nov/2019 14:20:01] "GET /api/auth/recommendMovie/?id=283231 HTTP/1.1" 200 46313
[07/Nov/2019 14:20:02] "GET /api/auth/predictRating/?movieId=64155&useremail=saebom@ssafy.com HTTP/1.1" 200 60
[07/Nov/2019 14:20:02] "GET /api/movies/?category=genre&keyword=Music&page=1 HTTP/1.1" 200 60087
[07/Nov/2019 14:20:02] "GET /api/movies/?category=genre&keyword=Mystery&page=1 HTTP/1.1" 200 59969
[07/Nov/2019 14:20:03] "GET /api/movies/?category=genre&keyword=Romance&page=1 HTTP/1.1" 200 56239
[07/Nov/2019 14:20:05] "GET /api/auth/predictRating/?movieId=109632&useremail=saebom@ssafy.com HTTP/1.1" 200 60
[07/Nov/2019 14:20:06] "GET /api/auth/predictRating/?movieId=48431&useremail=saebom@ssafy.com HTTP/1.1" 200 60
[07/Nov/2019 14:20:13] "GET /api/auth/predictRating/?movieId=202865&useremail=saebom@ssafy.com HTTP/1.1" 200 60
[07/Nov/2019 14:20:35] "GET /api/auth/predictRating/?movieId=12135&useremail=saebom@ssafy.com HTTP/1.1" 200 60
[07/Nov/2019 14:20:36] "GET /api/auth/predictRating/?movieId=1975&useremail=saebom@ssafy.com HTTP/1.1" 200 60
[07/Nov/2019 14:20:38] "GET /api/auth/predictRating/?movieId=150211&useremail=saebom@ssafy.com HTTP/1.1" 200 60
[07/Nov/2019 14:20:41] "GET /api/movies/pref/?email=saebom@ssafy.com HTTP/1.1" 200 115
[07/Nov/2019 14:20:41] "GET /api/getRatings/?email=saebom@ssafy.com HTTP/1.1" 200 490
[07/Nov/2019 14:20:41] "GET /favicon.ico HTTP/1.1" 200 1400
[07/Nov/2019 14:20:50] "GET /favicon.ico HTTP/1.1" 200 1400
[07/Nov/2019 14:20:53] "GET /api/auth/predictRating/?movieId=253794&useremail=saebom@ssafy.com HTTP/1.1" 200 60
[07/Nov/2019 14:20:55] "GET /api/auth/predictRating/?movieId=199578&useremail=saebom@ssafy.com HTTP/1.1" 200 60
[07/Nov/2019 14:21:06] "GET /movie/favicon.ico HTTP/1.1" 200 1400
[07/Nov/2019 14:21:06] "GET /api/movies/?category=genre&keyword=Action&title= HTTP/1.1" 200 58542
[07/Nov/2019 14:21:21] "GET /movies/detail/favicon.ico HTTP/1.1" 200 1400
[07/Nov/2019 14:21:21] "GET /static/img/no_poster.jpg HTTP/1.1" 404 1793
[07/Nov/2019 14:21:22] "GET /api/movies/views/?id=1891 HTTP/1.1" 200 15
[07/Nov/2019 14:21:22] "GET /api/movies/?id=1891 HTTP/1.1" 200 1585
[07/Nov/2019 14:21:23] "GET /api/auth/predictRating/?movieId=1891&useremail=saebom@ssafy.com HTTP/1.1" 200 60
[07/Nov/2019 14:21:23] "GET /api/movies/faculites/?movieId=1891 HTTP/1.1" 200 16620
[07/Nov/2019 14:21:57] "GET /api/auth/session/?token=9cf156ef96c3ccfe76677e37ebdbe3d71d958858 HTTP/1.1" 200 302
[07/Nov/2019 14:21:57] "GET /favicon.ico HTTP/1.1" 200 1400
[07/Nov/2019 14:21:58] "POST /api/auth/logoutmember/ HTTP/1.1" 200 15
[07/Nov/2019 14:21:59] "GET /api/movies/?category=genre&keyword=Romance&page=1 HTTP/1.1" 200 56239
[07/Nov/2019 14:21:59] "GET /api/movies/?category=genre&keyword=Mystery&page=1 HTTP/1.1" 200 59969
[07/Nov/2019 14:21:59] "GET /api/auth/recommendMovie/?id=283231 HTTP/1.1" 200 46313
[07/Nov/2019 14:22:00] "GET / HTTP/1.1" 200 1400
[07/Nov/2019 14:22:00] "GET /api/movies/?category=genre&keyword=Music&page=1 HTTP/1.1" 200 60087
[07/Nov/2019 14:22:00] "GET /api/movies/?category=genre&keyword=Animation&page=1 HTTP/1.1" 200 55944
[07/Nov/2019 14:22:01] "GET /api/movies/?category=genre&keyword=Action&page=1 HTTP/1.1" 200 58542
[07/Nov/2019 14:22:01] "GET /favicon.ico HTTP/1.1" 200 1400
[07/Nov/2019 14:57:26] "GET / HTTP/1.1" 200 1400
[07/Nov/2019 15:51:25] "GET / HTTP/1.1" 200 1400
[07/Nov/2019 15:51:26] "GET /static/dist/css/app.7658fd6f.css HTTP/1.1" 200 637789
[07/Nov/2019 15:51:26] "GET /static/dist/js/app.22eeccba.js HTTP/1.1" 200 1046870
[07/Nov/2019 15:51:26] "GET /static/img/chernobyl.jpg HTTP/1.1" 200 200892
[07/Nov/2019 15:51:26] "GET /static/dist/fonts/MaterialIcons-Regular.570eb838.woff2 HTTP/1.1" 200 44300
[07/Nov/2019 15:51:26] "GET /favicon.ico HTTP/1.1" 200 1400
/home/ubuntu/.pyenv/versions/deploy_ec2/lib/python3.7/site-packages/pandas/compat/__init__.py:85: UserWarning: Could not import the lzma module. Your installed Python is incomplete. Attempting to use lzma compression will result in a RuntimeError.
  warnings.warn(msg)
/home/ubuntu/.pyenv/versions/deploy_ec2/lib/python3.7/site-packages/pandas/compat/__init__.py:85: UserWarning: Could not import the lzma module. Your installed Python is incomplete. Attempting to use lzma compression will result in a RuntimeError.
  warnings.warn(msg)
Watching for file changes with StatReloader
Invalid HTTP_HOST header: '13.125.172.87:8000'. You may need to add '13.125.172.87' to ALLOWED_HOSTS.
Bad Request: /
[07/Nov/2019 15:57:34] "GET / HTTP/1.1" 400 64689
Invalid HTTP_HOST header: '13.125.172.87:8000'. You may need to add '13.125.172.87' to ALLOWED_HOSTS.
Bad Request: /favicon.ico
[07/Nov/2019 15:57:34] "GET /favicon.ico HTTP/1.1" 400 64603
/home/ubuntu/Youflix/youflix/django-vue/djangoAPI/djangoAPI/settings.py changed, reloading.
Performing system checks...

System check identified no issues (0 silenced).
November 07, 2019 - 15:56:48
Django version 2.2.4, using settings 'djangoAPI.settings'
Starting development server at http://0.0.0.0:8000/
Quit the server with CONTROL-C.
/home/ubuntu/.pyenv/versions/deploy_ec2/lib/python3.7/site-packages/pandas/compat/__init__.py:85: UserWarning: Could not import the lzma module. Your installed Python is incomplete. Attempting to use lzma compression will result in a RuntimeError.
  warnings.warn(msg)
/home/ubuntu/.pyenv/versions/deploy_ec2/lib/python3.7/site-packages/pandas/compat/__init__.py:85: UserWarning: Could not import the lzma module. Your installed Python is incomplete. Attempting to use lzma compression will result in a RuntimeError.
  warnings.warn(msg)
Watching for file changes with StatReloader
/home/ubuntu/.pyenv/versions/deploy_ec2/lib/python3.7/site-packages/pandas/compat/__init__.py:85: UserWarning: Could not import the lzma module. Your installed Python is incomplete. Attempting to use lzma compression will result in a RuntimeError.
  warnings.warn(msg)
/home/ubuntu/.pyenv/versions/deploy_ec2/lib/python3.7/site-packages/pandas/compat/__init__.py:85: UserWarning: Could not import the lzma module. Your installed Python is incomplete. Attempting to use lzma compression will result in a RuntimeError.
  warnings.warn(msg)
Watching for file changes with StatReloader
[07/Nov/2019 16:00:23] "GET / HTTP/1.1" 200 1400
[07/Nov/2019 16:00:24] "GET /favicon.ico HTTP/1.1" 200 1400
[07/Nov/2019 16:00:27] "GET /favicon.ico HTTP/1.1" 200 1400
[07/Nov/2019 16:00:37] "POST /api/auth/loginmember/ HTTP/1.1" 200 202
[07/Nov/2019 16:00:47] "POST /api/auth/loginmember/ HTTP/1.1" 200 297
[07/Nov/2019 16:00:47] "GET /static/dist/fonts/fontawesome-webfont.af7ae505.woff2 HTTP/1.1" 200 77160
[07/Nov/2019 16:00:48] "GET /favicon.ico HTTP/1.1" 200 1400
[07/Nov/2019 16:00:48] "GET /static/img/lalaland_wallpaper.jpg HTTP/1.1" 200 719415
[07/Nov/2019 16:00:48] "GET /static/img/harry-potter-wallpaper.jpg HTTP/1.1" 200 164272
[07/Nov/2019 16:00:48] "GET /static/img/lobster_wallpaper.jpg HTTP/1.1" 200 528055
[07/Nov/2019 16:00:48] "GET /static/img/inception_wallpaper.jpg HTTP/1.1" 200 1375489
[07/Nov/2019 16:00:49] "GET /api/movies/?category=genre&keyword=Music&page=1 HTTP/1.1" 200 60087
[07/Nov/2019 16:00:49] "GET /api/movies/?category=genre&keyword=Foreign&page=1 HTTP/1.1" 200 55460
[07/Nov/2019 16:00:50] "GET /api/auth/recommendMovie/?id=283229 HTTP/1.1" 200 26645
[07/Nov/2019 16:00:50] "GET /api/auth/predictRating/?movieId=103&useremail=test@youflix.com HTTP/1.1" 200 60
[07/Nov/2019 16:00:50] "GET /api/movies/?category=genre&keyword=Crime&page=1 HTTP/1.1" 200 57465
[07/Nov/2019 16:00:55] "GET /api/auth/predictRating/?movieId=6114&useremail=test@youflix.com HTTP/1.1" 200 60
[07/Nov/2019 16:00:55] "GET /api/auth/predictRating/?movieId=9603&useremail=test@youflix.com HTTP/1.1" 200 60
[07/Nov/2019 16:01:11] "GET /api/movies/pref/?email=test@youflix.com HTTP/1.1" 200 115
[07/Nov/2019 16:01:11] "GET /favicon.ico HTTP/1.1" 200 1400
[07/Nov/2019 16:01:11] "GET /api/getRatings/?email=test@youflix.com HTTP/1.1" 200 29
[07/Nov/2019 16:01:11] "GET /static/dist/img/userDetail.c093299a.jpg HTTP/1.1" 200 244128
[07/Nov/2019 16:01:13] "GET /favicon.ico HTTP/1.1" 200 1400
[07/Nov/2019 16:01:15] "GET /api/auth/predictRating/?movieId=10218&useremail=test@youflix.com HTTP/1.1" 200 60
[07/Nov/2019 16:01:15] "GET /favicon.ico HTTP/1.1" 200 1400
[07/Nov/2019 16:01:17] "GET /favicon.ico HTTP/1.1" 200 1400
[07/Nov/2019 16:01:25] "GET /movie/favicon.ico HTTP/1.1" 200 1400
[07/Nov/2019 16:01:26] "GET /api/movies/?category=genre&keyword=Thriller&title= HTTP/1.1" 200 59907
[07/Nov/2019 16:01:26] "GET /static/img/commingsoon.jpg HTTP/1.1" 200 12447
/home/ubuntu/.pyenv/versions/deploy_ec2/lib/python3.7/site-packages/pandas/compat/__init__.py:85: UserWarning: Could not import the lzma module. Your installed Python is incomplete. Attempting to use lzma compression will result in a RuntimeError.
  warnings.warn(msg)
/home/ubuntu/.pyenv/versions/deploy_ec2/lib/python3.7/site-packages/pandas/compat/__init__.py:85: UserWarning: Could not import the lzma module. Your installed Python is incomplete. Attempting to use lzma compression will result in a RuntimeError.
  warnings.warn(msg)
Watching for file changes with StatReloader
[07/Nov/2019 16:03:41] "GET /movie/search HTTP/1.1" 200 1400
[07/Nov/2019 16:03:41] "GET /static/dist/css/app.1502ab1c.css HTTP/1.1" 200 637789
[07/Nov/2019 16:03:41] "GET /static/dist/js/app.c813149d.js HTTP/1.1" 200 1047982
[07/Nov/2019 16:03:42] "GET /movie/favicon.ico HTTP/1.1" 200 1400
[07/Nov/2019 16:03:42] "GET /api/auth/session/?token=c7cb96f0f0370796588d789976d7921ce782b14b HTTP/1.1" 200 297
[07/Nov/2019 16:03:42] "GET /api/movies/?category=genre&keyword=TV+Movie&title=&page=1 HTTP/1.1" 200 56970
[07/Nov/2019 16:03:44] "GET /favicon.ico HTTP/1.1" 200 1400
[07/Nov/2019 16:03:45] "GET /api/movies/?category=genre&keyword=Foreign&page=1 HTTP/1.1" 200 55460
[07/Nov/2019 16:03:45] "GET /api/movies/?category=genre&keyword=Music&page=1 HTTP/1.1" 200 60087
[07/Nov/2019 16:03:45] "GET /api/auth/recommendMovie/?id=283229 HTTP/1.1" 200 27931
[07/Nov/2019 16:03:45] "GET /api/auth/predictRating/?movieId=105&useremail=test@youflix.com HTTP/1.1" 200 60
[07/Nov/2019 16:03:46] "GET /api/movies/?category=genre&keyword=Crime&page=1 HTTP/1.1" 200 57465
[07/Nov/2019 16:03:48] "GET /api/auth/predictRating/?movieId=672&useremail=test@youflix.com HTTP/1.1" 200 60
[07/Nov/2019 16:03:48] "GET /favicon.ico HTTP/1.1" 200 1400
[07/Nov/2019 16:03:50] "GET /favicon.ico HTTP/1.1" 200 1400
[07/Nov/2019 16:03:52] "GET /api/auth/predictRating/?movieId=2609&useremail=test@youflix.com HTTP/1.1" 200 60
[07/Nov/2019 16:03:53] "GET /api/auth/predictRating/?movieId=12706&useremail=test@youflix.com HTTP/1.1" 200 60
[07/Nov/2019 16:04:00] "GET /movie/favicon.ico HTTP/1.1" 200 1400
[07/Nov/2019 16:04:01] "GET /api/movies/?category=genre&keyword=Action&title=&page=1 HTTP/1.1" 200 58542
[07/Nov/2019 16:04:04] "GET /api/movies/?category=genre&keyword=Action&title=&page=2 HTTP/1.1" 200 61806
[07/Nov/2019 16:04:11] "GET /api/movies/?category=genre&keyword=Family&title=&page=1 HTTP/1.1" 200 59872
[07/Nov/2019 16:04:15] "GET /api/movies/pref/?email=test@youflix.com HTTP/1.1" 200 115
[07/Nov/2019 16:04:15] "GET /favicon.ico HTTP/1.1" 200 1400
[07/Nov/2019 16:04:15] "GET /api/getRatings/?email=test@youflix.com HTTP/1.1" 200 29
[07/Nov/2019 16:04:17] "GET /favicon.ico HTTP/1.1" 200 1400
[07/Nov/2019 16:04:24] "GET /api/auth/predictRating/?movieId=27205&useremail=test@youflix.com HTTP/1.1" 200 60
[07/Nov/2019 16:04:24] "GET /favicon.ico HTTP/1.1" 200 1400
[07/Nov/2019 16:04:26] "GET /api/rateMovie/?email=test@youflix.com&movie_id=27205&ratingValue=5 HTTP/1.1" 200 15
[07/Nov/2019 16:04:29] "GET /favicon.ico HTTP/1.1" 200 1400
[07/Nov/2019 16:04:31] "GET /api/content_based/?0=test@youflix.com HTTP/1.1" 200 1400
[07/Nov/2019 16:04:31] "GET /favicon.ico HTTP/1.1" 200 1400
[07/Nov/2019 16:04:34] "GET /favicon.ico HTTP/1.1" 200 1400
[07/Nov/2019 16:04:38] "GET /favicon.ico HTTP/1.1" 200 1400
[07/Nov/2019 16:04:45] "GET /myflix HTTP/1.1" 200 1400
[07/Nov/2019 16:04:45] "GET /static/dist/css/app.1502ab1c.css HTTP/1.1" 304 0
[07/Nov/2019 16:04:45] "GET /static/dist/js/app.c813149d.js HTTP/1.1" 304 0
[07/Nov/2019 16:04:46] "GET /api/auth/session/?token=c7cb96f0f0370796588d789976d7921ce782b14b HTTP/1.1" 200 297
[07/Nov/2019 16:04:46] "GET /favicon.ico HTTP/1.1" 200 1400
[07/Nov/2019 16:04:48] "GET /favicon.ico HTTP/1.1" 200 1400
[07/Nov/2019 16:04:49] "GET /api/movies/?category=genre&keyword=Music&page=1 HTTP/1.1" 200 60087
[07/Nov/2019 16:04:49] "GET /api/movies/?category=genre&keyword=Foreign&page=1 HTTP/1.1" 200 55460
[07/Nov/2019 16:04:50] "GET /api/auth/recommendMovie/?id=283229 HTTP/1.1" 200 41724
[07/Nov/2019 16:04:50] "GET /api/movies/?category=genre&keyword=Crime&page=1 HTTP/1.1" 200 57465
[07/Nov/2019 16:04:50] "GET /api/auth/predictRating/?movieId=267506&useremail=test@youflix.com HTTP/1.1" 200 60
[07/Nov/2019 16:04:54] "GET /api/auth/predictRating/?movieId=7288&useremail=test@youflix.com HTTP/1.1" 200 60
[07/Nov/2019 16:04:57] "GET /api/auth/predictRating/?movieId=212270&useremail=test@youflix.com HTTP/1.1" 200 60
[07/Nov/2019 16:05:01] "GET /api/auth/predictRating/?movieId=362844&useremail=test@youflix.com HTTP/1.1" 200 60
[07/Nov/2019 16:05:03] "GET /api/auth/predictRating/?movieId=140887&useremail=test@youflix.com HTTP/1.1" 200 60
[07/Nov/2019 16:48:21] "GET / HTTP/1.1" 200 1400
